The target system is: Android - 23 - aarch64
The host system is: Linux - 6.8.0-52-generic - x86_64
Compiling the CXX compiler identification source file "CMakeCXXCompilerId.cpp" succeeded.
Compiler: /home/khb/Android/Ndk/android-ndk-r27c/toolchains/llvm/prebuilt/linux-x86_64/bin/clang++ 
Build flags: -DQT_QML_DEBUG
Id flags: -c 

The output was:
0


Compilation of the CXX compiler identification source "CMakeCXXCompilerId.cpp" produced "CMakeCXXCompilerId.o"

The CXX compiler identification is Clang, found in "/home/khb/Desktop/hb_ws/diden_gui_android/build/Android_Qt_6_2_4_Clang_arm64_v8a-Debug/CMakeFiles/3.22.1/CompilerIdCXX/CMakeCXXCompilerId.o"

Detecting CXX compiler ABI info compiled with the following output:
Change Dir: /home/khb/Desktop/hb_ws/diden_gui_android/build/Android_Qt_6_2_4_Clang_arm64_v8a-Debug/CMakeFiles/CMakeTmp

Run Build Command(s):/usr/bin/ninja cmTC_6abb7 && [1/2] Building CXX object CMakeFiles/cmTC_6abb7.dir/CMakeCXXCompilerABI.cpp.o
Android (12470979, +pgo, +bolt, +lto, +mlgo, based on r522817c) clang version 18.0.3 (https://android.googlesource.com/toolchain/llvm-project d8003a456d14a3deb8054cdaa529ffbf02d9b262)
Target: aarch64-none-linux-android23
Thread model: posix
InstalledDir: /home/khb/Android/Ndk/android-ndk-r27c/toolchains/llvm/prebuilt/linux-x86_64/bin
 (in-process)
 "/home/khb/Android/Ndk/android-ndk-r27c/toolchains/llvm/prebuilt/linux-x86_64/bin/clang++" -cc1 -triple aarch64-none-linux-android23 -emit-obj -disable-free -clear-ast-before-backend -disable-llvm-verifier -discard-value-names -main-file-name CMakeCXXCompilerABI.cpp -mrelocation-model pic -pic-level 2 -pic-is-pie -mframe-pointer=non-leaf -ffp-contract=on -fno-rounding-math -mconstructor-aliases -funwind-tables=2 -target-cpu generic -target-feature +neon -target-feature +v8a -target-feature +fix-cortex-a53-835769 -target-abi aapcs -debug-info-kind=constructor -dwarf-version=4 -debugger-tuning=gdb -fdebug-compilation-dir=/home/khb/Desktop/hb_ws/diden_gui_android/build/Android_Qt_6_2_4_Clang_arm64_v8a-Debug/CMakeFiles/CMakeTmp -v -ffunction-sections -fdata-sections -fcoverage-compilation-dir=/home/khb/Desktop/hb_ws/diden_gui_android/build/Android_Qt_6_2_4_Clang_arm64_v8a-Debug/CMakeFiles/CMakeTmp -resource-dir /home/khb/Android/Ndk/android-ndk-r27c/toolchains/llvm/prebuilt/linux-x86_64/lib/clang/18 -dependency-file CMakeFiles/cmTC_6abb7.dir/CMakeCXXCompilerABI.cpp.o.d -MT CMakeFiles/cmTC_6abb7.dir/CMakeCXXCompilerABI.cpp.o -sys-header-deps -D QT_QML_DEBUG -D ANDROID -D _FORTIFY_SOURCE=2 -D NDEBUG -isysroot /home/khb/Android/Ndk/android-ndk-r27c/toolchains/llvm/prebuilt/linux-x86_64/sysroot -internal-isystem /home/khb/Android/Ndk/android-ndk-r27c/toolchains/llvm/prebuilt/linux-x86_64/sysroot/usr/include/c++/v1 -internal-isystem /home/khb/Android/Ndk/android-ndk-r27c/toolchains/llvm/prebuilt/linux-x86_64/lib/clang/18/include -internal-isystem /home/khb/Android/Ndk/android-ndk-r27c/toolchains/llvm/prebuilt/linux-x86_64/sysroot/usr/local/include -internal-externc-isystem /home/khb/Android/Ndk/android-ndk-r27c/toolchains/llvm/prebuilt/linux-x86_64/sysroot/usr/include/aarch64-linux-android -internal-externc-isystem /home/khb/Android/Ndk/android-ndk-r27c/toolchains/llvm/prebuilt/linux-x86_64/sysroot/include -internal-externc-isystem /home/khb/Android/Ndk/android-ndk-r27c/toolchains/llvm/prebuilt/linux-x86_64/sysroot/usr/include -O2 -Wformat -fdeprecated-macro -ferror-limit 19 -femulated-tls -stack-protector 2 -fno-signed-char -fgnuc-version=4.2.1 -fcxx-exceptions -fexceptions -vectorize-loops -vectorize-slp -target-feature +outline-atomics -D__GCC_HAVE_DWARF2_CFI_ASM=1 -o CMakeFiles/cmTC_6abb7.dir/CMakeCXXCompilerABI.cpp.o -x c++ /usr/share/cmake-3.22/Modules/CMakeCXXCompilerABI.cpp
clang -cc1 version 18.0.3 based upon LLVM 18.0.3 default target x86_64-unknown-linux-gnu
ignoring nonexistent directory "/home/khb/Android/Ndk/android-ndk-r27c/toolchains/llvm/prebuilt/linux-x86_64/sysroot/usr/local/include"
ignoring nonexistent directory "/home/khb/Android/Ndk/android-ndk-r27c/toolchains/llvm/prebuilt/linux-x86_64/sysroot/include"
#include "..." search starts here:
#include <...> search starts here:
 /home/khb/Android/Ndk/android-ndk-r27c/toolchains/llvm/prebuilt/linux-x86_64/sysroot/usr/include/c++/v1
 /home/khb/Android/Ndk/android-ndk-r27c/toolchains/llvm/prebuilt/linux-x86_64/lib/clang/18/include
 /home/khb/Android/Ndk/android-ndk-r27c/toolchains/llvm/prebuilt/linux-x86_64/sysroot/usr/include/aarch64-linux-android
 /home/khb/Android/Ndk/android-ndk-r27c/toolchains/llvm/prebuilt/linux-x86_64/sysroot/usr/include
End of search list.
[2/2] Linking CXX executable cmTC_6abb7
Android (12470979, +pgo, +bolt, +lto, +mlgo, based on r522817c) clang version 18.0.3 (https://android.googlesource.com/toolchain/llvm-project d8003a456d14a3deb8054cdaa529ffbf02d9b262)
Target: aarch64-none-linux-android23
Thread model: posix
InstalledDir: /home/khb/Android/Ndk/android-ndk-r27c/toolchains/llvm/prebuilt/linux-x86_64/bin
 "/home/khb/Android/Ndk/android-ndk-r27c/toolchains/llvm/prebuilt/linux-x86_64/bin/ld.lld" --sysroot=/home/khb/Android/Ndk/android-ndk-r27c/toolchains/llvm/prebuilt/linux-x86_64/sysroot -EL --fix-cortex-a53-843419 -z now -z relro -z max-page-size=4096 --hash-style=gnu --eh-frame-hdr -m aarch64linux -pie -dynamic-linker /system/bin/linker64 -o cmTC_6abb7 /home/khb/Android/Ndk/android-ndk-r27c/toolchains/llvm/prebuilt/linux-x86_64/sysroot/usr/lib/aarch64-linux-android/23/crtbegin_dynamic.o -L/home/khb/Android/Ndk/android-ndk-r27c/toolchains/llvm/prebuilt/linux-x86_64/lib/clang/18/lib/linux/aarch64 -L/home/khb/Android/Ndk/android-ndk-r27c/toolchains/llvm/prebuilt/linux-x86_64/sysroot/usr/lib/aarch64-linux-android/23 -L/home/khb/Android/Ndk/android-ndk-r27c/toolchains/llvm/prebuilt/linux-x86_64/sysroot/usr/lib/aarch64-linux-android -L/home/khb/Android/Ndk/android-ndk-r27c/toolchains/llvm/prebuilt/linux-x86_64/sysroot/usr/lib --build-id=sha1 --no-rosegment --no-undefined-version --fatal-warnings --gc-sections --no-undefined --gc-sections CMakeFiles/cmTC_6abb7.dir/CMakeCXXCompilerABI.cpp.o -latomic -lm -lc++ -lm /home/khb/Android/Ndk/android-ndk-r27c/toolchains/llvm/prebuilt/linux-x86_64/lib/clang/18/lib/linux/libclang_rt.builtins-aarch64-android.a -l:libunwind.a -ldl -lc /home/khb/Android/Ndk/android-ndk-r27c/toolchains/llvm/prebuilt/linux-x86_64/lib/clang/18/lib/linux/libclang_rt.builtins-aarch64-android.a -l:libunwind.a -ldl /home/khb/Android/Ndk/android-ndk-r27c/toolchains/llvm/prebuilt/linux-x86_64/sysroot/usr/lib/aarch64-linux-android/23/crtend_android.o



Parsed CXX implicit include dir info from above output: rv=done
  found start of include info
  found start of implicit include info
    add: [/home/khb/Android/Ndk/android-ndk-r27c/toolchains/llvm/prebuilt/linux-x86_64/sysroot/usr/include/c++/v1]
    add: [/home/khb/Android/Ndk/android-ndk-r27c/toolchains/llvm/prebuilt/linux-x86_64/lib/clang/18/include]
    add: [/home/khb/Android/Ndk/android-ndk-r27c/toolchains/llvm/prebuilt/linux-x86_64/sysroot/usr/include/aarch64-linux-android]
    add: [/home/khb/Android/Ndk/android-ndk-r27c/toolchains/llvm/prebuilt/linux-x86_64/sysroot/usr/include]
  end of search list found
  collapse include dir [/home/khb/Android/Ndk/android-ndk-r27c/toolchains/llvm/prebuilt/linux-x86_64/sysroot/usr/include/c++/v1] ==> [/home/khb/Android/Ndk/android-ndk-r27c/toolchains/llvm/prebuilt/linux-x86_64/sysroot/usr/include/c++/v1]
  collapse include dir [/home/khb/Android/Ndk/android-ndk-r27c/toolchains/llvm/prebuilt/linux-x86_64/lib/clang/18/include] ==> [/home/khb/Android/Ndk/android-ndk-r27c/toolchains/llvm/prebuilt/linux-x86_64/lib/clang/18/include]
  collapse include dir [/home/khb/Android/Ndk/android-ndk-r27c/toolchains/llvm/prebuilt/linux-x86_64/sysroot/usr/include/aarch64-linux-android] ==> [/home/khb/Android/Ndk/android-ndk-r27c/toolchains/llvm/prebuilt/linux-x86_64/sysroot/usr/include/aarch64-linux-android]
  collapse include dir [/home/khb/Android/Ndk/android-ndk-r27c/toolchains/llvm/prebuilt/linux-x86_64/sysroot/usr/include] ==> [/home/khb/Android/Ndk/android-ndk-r27c/toolchains/llvm/prebuilt/linux-x86_64/sysroot/usr/include]
  implicit include dirs: [/home/khb/Android/Ndk/android-ndk-r27c/toolchains/llvm/prebuilt/linux-x86_64/sysroot/usr/include/c++/v1;/home/khb/Android/Ndk/android-ndk-r27c/toolchains/llvm/prebuilt/linux-x86_64/lib/clang/18/include;/home/khb/Android/Ndk/android-ndk-r27c/toolchains/llvm/prebuilt/linux-x86_64/sysroot/usr/include/aarch64-linux-android;/home/khb/Android/Ndk/android-ndk-r27c/toolchains/llvm/prebuilt/linux-x86_64/sysroot/usr/include]


Parsed CXX implicit link information from above output:
  link line regex: [^( *|.*[/\])(ld\.lld|CMAKE_LINK_STARTFILE-NOTFOUND|([^/\]+-)?ld|collect2)[^/\]*( |$)]
  ignore line: [Change Dir: /home/khb/Desktop/hb_ws/diden_gui_android/build/Android_Qt_6_2_4_Clang_arm64_v8a-Debug/CMakeFiles/CMakeTmp]
  ignore line: []
  ignore line: [Run Build Command(s):/usr/bin/ninja cmTC_6abb7 && [1/2] Building CXX object CMakeFiles/cmTC_6abb7.dir/CMakeCXXCompilerABI.cpp.o]
  ignore line: [Android (12470979  +pgo  +bolt  +lto  +mlgo  based on r522817c) clang version 18.0.3 (https://android.googlesource.com/toolchain/llvm-project d8003a456d14a3deb8054cdaa529ffbf02d9b262)]
  ignore line: [Target: aarch64-none-linux-android23]
  ignore line: [Thread model: posix]
  ignore line: [InstalledDir: /home/khb/Android/Ndk/android-ndk-r27c/toolchains/llvm/prebuilt/linux-x86_64/bin]
  ignore line: [ (in-process)]
  ignore line: [ "/home/khb/Android/Ndk/android-ndk-r27c/toolchains/llvm/prebuilt/linux-x86_64/bin/clang++" -cc1 -triple aarch64-none-linux-android23 -emit-obj -disable-free -clear-ast-before-backend -disable-llvm-verifier -discard-value-names -main-file-name CMakeCXXCompilerABI.cpp -mrelocation-model pic -pic-level 2 -pic-is-pie -mframe-pointer=non-leaf -ffp-contract=on -fno-rounding-math -mconstructor-aliases -funwind-tables=2 -target-cpu generic -target-feature +neon -target-feature +v8a -target-feature +fix-cortex-a53-835769 -target-abi aapcs -debug-info-kind=constructor -dwarf-version=4 -debugger-tuning=gdb -fdebug-compilation-dir=/home/khb/Desktop/hb_ws/diden_gui_android/build/Android_Qt_6_2_4_Clang_arm64_v8a-Debug/CMakeFiles/CMakeTmp -v -ffunction-sections -fdata-sections -fcoverage-compilation-dir=/home/khb/Desktop/hb_ws/diden_gui_android/build/Android_Qt_6_2_4_Clang_arm64_v8a-Debug/CMakeFiles/CMakeTmp -resource-dir /home/khb/Android/Ndk/android-ndk-r27c/toolchains/llvm/prebuilt/linux-x86_64/lib/clang/18 -dependency-file CMakeFiles/cmTC_6abb7.dir/CMakeCXXCompilerABI.cpp.o.d -MT CMakeFiles/cmTC_6abb7.dir/CMakeCXXCompilerABI.cpp.o -sys-header-deps -D QT_QML_DEBUG -D ANDROID -D _FORTIFY_SOURCE=2 -D NDEBUG -isysroot /home/khb/Android/Ndk/android-ndk-r27c/toolchains/llvm/prebuilt/linux-x86_64/sysroot -internal-isystem /home/khb/Android/Ndk/android-ndk-r27c/toolchains/llvm/prebuilt/linux-x86_64/sysroot/usr/include/c++/v1 -internal-isystem /home/khb/Android/Ndk/android-ndk-r27c/toolchains/llvm/prebuilt/linux-x86_64/lib/clang/18/include -internal-isystem /home/khb/Android/Ndk/android-ndk-r27c/toolchains/llvm/prebuilt/linux-x86_64/sysroot/usr/local/include -internal-externc-isystem /home/khb/Android/Ndk/android-ndk-r27c/toolchains/llvm/prebuilt/linux-x86_64/sysroot/usr/include/aarch64-linux-android -internal-externc-isystem /home/khb/Android/Ndk/android-ndk-r27c/toolchains/llvm/prebuilt/linux-x86_64/sysroot/include -internal-externc-isystem /home/khb/Android/Ndk/android-ndk-r27c/toolchains/llvm/prebuilt/linux-x86_64/sysroot/usr/include -O2 -Wformat -fdeprecated-macro -ferror-limit 19 -femulated-tls -stack-protector 2 -fno-signed-char -fgnuc-version=4.2.1 -fcxx-exceptions -fexceptions -vectorize-loops -vectorize-slp -target-feature +outline-atomics -D__GCC_HAVE_DWARF2_CFI_ASM=1 -o CMakeFiles/cmTC_6abb7.dir/CMakeCXXCompilerABI.cpp.o -x c++ /usr/share/cmake-3.22/Modules/CMakeCXXCompilerABI.cpp]
  ignore line: [clang -cc1 version 18.0.3 based upon LLVM 18.0.3 default target x86_64-unknown-linux-gnu]
  ignore line: [ignoring nonexistent directory "/home/khb/Android/Ndk/android-ndk-r27c/toolchains/llvm/prebuilt/linux-x86_64/sysroot/usr/local/include"]
  ignore line: [ignoring nonexistent directory "/home/khb/Android/Ndk/android-ndk-r27c/toolchains/llvm/prebuilt/linux-x86_64/sysroot/include"]
  ignore line: [#include "..." search starts here:]
  ignore line: [#include <...> search starts here:]
  ignore line: [ /home/khb/Android/Ndk/android-ndk-r27c/toolchains/llvm/prebuilt/linux-x86_64/sysroot/usr/include/c++/v1]
  ignore line: [ /home/khb/Android/Ndk/android-ndk-r27c/toolchains/llvm/prebuilt/linux-x86_64/lib/clang/18/include]
  ignore line: [ /home/khb/Android/Ndk/android-ndk-r27c/toolchains/llvm/prebuilt/linux-x86_64/sysroot/usr/include/aarch64-linux-android]
  ignore line: [ /home/khb/Android/Ndk/android-ndk-r27c/toolchains/llvm/prebuilt/linux-x86_64/sysroot/usr/include]
  ignore line: [End of search list.]
  ignore line: [[2/2] Linking CXX executable cmTC_6abb7]
  ignore line: [Android (12470979  +pgo  +bolt  +lto  +mlgo  based on r522817c) clang version 18.0.3 (https://android.googlesource.com/toolchain/llvm-project d8003a456d14a3deb8054cdaa529ffbf02d9b262)]
  ignore line: [Target: aarch64-none-linux-android23]
  ignore line: [Thread model: posix]
  ignore line: [InstalledDir: /home/khb/Android/Ndk/android-ndk-r27c/toolchains/llvm/prebuilt/linux-x86_64/bin]
  link line: [ "/home/khb/Android/Ndk/android-ndk-r27c/toolchains/llvm/prebuilt/linux-x86_64/bin/ld.lld" --sysroot=/home/khb/Android/Ndk/android-ndk-r27c/toolchains/llvm/prebuilt/linux-x86_64/sysroot -EL --fix-cortex-a53-843419 -z now -z relro -z max-page-size=4096 --hash-style=gnu --eh-frame-hdr -m aarch64linux -pie -dynamic-linker /system/bin/linker64 -o cmTC_6abb7 /home/khb/Android/Ndk/android-ndk-r27c/toolchains/llvm/prebuilt/linux-x86_64/sysroot/usr/lib/aarch64-linux-android/23/crtbegin_dynamic.o -L/home/khb/Android/Ndk/android-ndk-r27c/toolchains/llvm/prebuilt/linux-x86_64/lib/clang/18/lib/linux/aarch64 -L/home/khb/Android/Ndk/android-ndk-r27c/toolchains/llvm/prebuilt/linux-x86_64/sysroot/usr/lib/aarch64-linux-android/23 -L/home/khb/Android/Ndk/android-ndk-r27c/toolchains/llvm/prebuilt/linux-x86_64/sysroot/usr/lib/aarch64-linux-android -L/home/khb/Android/Ndk/android-ndk-r27c/toolchains/llvm/prebuilt/linux-x86_64/sysroot/usr/lib --build-id=sha1 --no-rosegment --no-undefined-version --fatal-warnings --gc-sections --no-undefined --gc-sections CMakeFiles/cmTC_6abb7.dir/CMakeCXXCompilerABI.cpp.o -latomic -lm -lc++ -lm /home/khb/Android/Ndk/android-ndk-r27c/toolchains/llvm/prebuilt/linux-x86_64/lib/clang/18/lib/linux/libclang_rt.builtins-aarch64-android.a -l:libunwind.a -ldl -lc /home/khb/Android/Ndk/android-ndk-r27c/toolchains/llvm/prebuilt/linux-x86_64/lib/clang/18/lib/linux/libclang_rt.builtins-aarch64-android.a -l:libunwind.a -ldl /home/khb/Android/Ndk/android-ndk-r27c/toolchains/llvm/prebuilt/linux-x86_64/sysroot/usr/lib/aarch64-linux-android/23/crtend_android.o]
    arg [/home/khb/Android/Ndk/android-ndk-r27c/toolchains/llvm/prebuilt/linux-x86_64/bin/ld.lld] ==> ignore
    arg [--sysroot=/home/khb/Android/Ndk/android-ndk-r27c/toolchains/llvm/prebuilt/linux-x86_64/sysroot] ==> ignore
    arg [-EL] ==> ignore
    arg [--fix-cortex-a53-843419] ==> ignore
    arg [-znow] ==> ignore
    arg [-zrelro] ==> ignore
    arg [-zmax-page-size=4096] ==> ignore
    arg [--hash-style=gnu] ==> ignore
    arg [--eh-frame-hdr] ==> ignore
    arg [-m] ==> ignore
    arg [aarch64linux] ==> ignore
    arg [-pie] ==> ignore
    arg [-dynamic-linker] ==> ignore
    arg [/system/bin/linker64] ==> ignore
    arg [-o] ==> ignore
    arg [cmTC_6abb7] ==> ignore
    arg [/home/khb/Android/Ndk/android-ndk-r27c/toolchains/llvm/prebuilt/linux-x86_64/sysroot/usr/lib/aarch64-linux-android/23/crtbegin_dynamic.o] ==> obj [/home/khb/Android/Ndk/android-ndk-r27c/toolchains/llvm/prebuilt/linux-x86_64/sysroot/usr/lib/aarch64-linux-android/23/crtbegin_dynamic.o]
    arg [-L/home/khb/Android/Ndk/android-ndk-r27c/toolchains/llvm/prebuilt/linux-x86_64/lib/clang/18/lib/linux/aarch64] ==> dir [/home/khb/Android/Ndk/android-ndk-r27c/toolchains/llvm/prebuilt/linux-x86_64/lib/clang/18/lib/linux/aarch64]
    arg [-L/home/khb/Android/Ndk/android-ndk-r27c/toolchains/llvm/prebuilt/linux-x86_64/sysroot/usr/lib/aarch64-linux-android/23] ==> dir [/home/khb/Android/Ndk/android-ndk-r27c/toolchains/llvm/prebuilt/linux-x86_64/sysroot/usr/lib/aarch64-linux-android/23]
    arg [-L/home/khb/Android/Ndk/android-ndk-r27c/toolchains/llvm/prebuilt/linux-x86_64/sysroot/usr/lib/aarch64-linux-android] ==> dir [/home/khb/Android/Ndk/android-ndk-r27c/toolchains/llvm/prebuilt/linux-x86_64/sysroot/usr/lib/aarch64-linux-android]
    arg [-L/home/khb/Android/Ndk/android-ndk-r27c/toolchains/llvm/prebuilt/linux-x86_64/sysroot/usr/lib] ==> dir [/home/khb/Android/Ndk/android-ndk-r27c/toolchains/llvm/prebuilt/linux-x86_64/sysroot/usr/lib]
    arg [--build-id=sha1] ==> ignore
    arg [--no-rosegment] ==> ignore
    arg [--no-undefined-version] ==> ignore
    arg [--fatal-warnings] ==> ignore
    arg [--gc-sections] ==> ignore
    arg [--no-undefined] ==> ignore
    arg [--gc-sections] ==> ignore
    arg [CMakeFiles/cmTC_6abb7.dir/CMakeCXXCompilerABI.cpp.o] ==> ignore
    arg [-latomic] ==> lib [atomic]
    arg [-lm] ==> lib [m]
    arg [-lc++] ==> lib [c++]
    arg [-lm] ==> lib [m]
    arg [/home/khb/Android/Ndk/android-ndk-r27c/toolchains/llvm/prebuilt/linux-x86_64/lib/clang/18/lib/linux/libclang_rt.builtins-aarch64-android.a] ==> lib [/home/khb/Android/Ndk/android-ndk-r27c/toolchains/llvm/prebuilt/linux-x86_64/lib/clang/18/lib/linux/libclang_rt.builtins-aarch64-android.a]
    arg [-l:libunwind.a] ==> lib [-l:libunwind.a]
    arg [-ldl] ==> lib [dl]
    arg [-lc] ==> lib [c]
    arg [/home/khb/Android/Ndk/android-ndk-r27c/toolchains/llvm/prebuilt/linux-x86_64/lib/clang/18/lib/linux/libclang_rt.builtins-aarch64-android.a] ==> lib [/home/khb/Android/Ndk/android-ndk-r27c/toolchains/llvm/prebuilt/linux-x86_64/lib/clang/18/lib/linux/libclang_rt.builtins-aarch64-android.a]
    arg [-l:libunwind.a] ==> lib [-l:libunwind.a]
    arg [-ldl] ==> lib [dl]
    arg [/home/khb/Android/Ndk/android-ndk-r27c/toolchains/llvm/prebuilt/linux-x86_64/sysroot/usr/lib/aarch64-linux-android/23/crtend_android.o] ==> obj [/home/khb/Android/Ndk/android-ndk-r27c/toolchains/llvm/prebuilt/linux-x86_64/sysroot/usr/lib/aarch64-linux-android/23/crtend_android.o]
  remove lib [/home/khb/Android/Ndk/android-ndk-r27c/toolchains/llvm/prebuilt/linux-x86_64/lib/clang/18/lib/linux/libclang_rt.builtins-aarch64-android.a]
  remove lib [/home/khb/Android/Ndk/android-ndk-r27c/toolchains/llvm/prebuilt/linux-x86_64/lib/clang/18/lib/linux/libclang_rt.builtins-aarch64-android.a]
  collapse library dir [/home/khb/Android/Ndk/android-ndk-r27c/toolchains/llvm/prebuilt/linux-x86_64/lib/clang/18/lib/linux/aarch64] ==> [/home/khb/Android/Ndk/android-ndk-r27c/toolchains/llvm/prebuilt/linux-x86_64/lib/clang/18/lib/linux/aarch64]
  collapse library dir [/home/khb/Android/Ndk/android-ndk-r27c/toolchains/llvm/prebuilt/linux-x86_64/sysroot/usr/lib/aarch64-linux-android/23] ==> [/home/khb/Android/Ndk/android-ndk-r27c/toolchains/llvm/prebuilt/linux-x86_64/sysroot/usr/lib/aarch64-linux-android/23]
  collapse library dir [/home/khb/Android/Ndk/android-ndk-r27c/toolchains/llvm/prebuilt/linux-x86_64/sysroot/usr/lib/aarch64-linux-android] ==> [/home/khb/Android/Ndk/android-ndk-r27c/toolchains/llvm/prebuilt/linux-x86_64/sysroot/usr/lib/aarch64-linux-android]
  collapse library dir [/home/khb/Android/Ndk/android-ndk-r27c/toolchains/llvm/prebuilt/linux-x86_64/sysroot/usr/lib] ==> [/home/khb/Android/Ndk/android-ndk-r27c/toolchains/llvm/prebuilt/linux-x86_64/sysroot/usr/lib]
  implicit libs: [atomic;m;c++;m;-l:libunwind.a;dl;c;-l:libunwind.a;dl]
  implicit objs: [/home/khb/Android/Ndk/android-ndk-r27c/toolchains/llvm/prebuilt/linux-x86_64/sysroot/usr/lib/aarch64-linux-android/23/crtbegin_dynamic.o;/home/khb/Android/Ndk/android-ndk-r27c/toolchains/llvm/prebuilt/linux-x86_64/sysroot/usr/lib/aarch64-linux-android/23/crtend_android.o]
  implicit dirs: [/home/khb/Android/Ndk/android-ndk-r27c/toolchains/llvm/prebuilt/linux-x86_64/lib/clang/18/lib/linux/aarch64;/home/khb/Android/Ndk/android-ndk-r27c/toolchains/llvm/prebuilt/linux-x86_64/sysroot/usr/lib/aarch64-linux-android/23;/home/khb/Android/Ndk/android-ndk-r27c/toolchains/llvm/prebuilt/linux-x86_64/sysroot/usr/lib/aarch64-linux-android;/home/khb/Android/Ndk/android-ndk-r27c/toolchains/llvm/prebuilt/linux-x86_64/sysroot/usr/lib]
  implicit fwks: []


Determining if the include file pthread.h exists passed with the following output:
Change Dir: /home/khb/Desktop/hb_ws/diden_gui_android/build/Android_Qt_6_2_4_Clang_arm64_v8a-Debug/CMakeFiles/CMakeTmp

Run Build Command(s):/usr/bin/ninja cmTC_98eeb && [1/2] Building CXX object CMakeFiles/cmTC_98eeb.dir/CheckIncludeFile.cxx.o
[2/2] Linking CXX executable cmTC_98eeb



Performing C++ SOURCE FILE Test HAVE_STDATOMIC succeeded with the following output:
Change Dir: /home/khb/Desktop/hb_ws/diden_gui_android/build/Android_Qt_6_2_4_Clang_arm64_v8a-Debug/CMakeFiles/CMakeTmp

Run Build Command(s):/usr/bin/ninja cmTC_07376 && [1/2] Building CXX object CMakeFiles/cmTC_07376.dir/src.cxx.o
[2/2] Linking CXX executable cmTC_07376


Source file was:
#include <atomic>
#include <cstdint>

void test(volatile std::atomic<std::int64_t> &a)
{
    std::int64_t v = a.load(std::memory_order_acquire);
    while (!a.compare_exchange_strong(v, v + 1,
                                      std::memory_order_acq_rel,
                                      std::memory_order_acquire)) {
        v = a.exchange(v - 1);
    }
    a.store(v + 1, std::memory_order_release);
}

int main(int, char **)
{
    void *ptr = (void*)0xffffffc0; // any random pointer
    test(*reinterpret_cast<std::atomic<std::int64_t> *>(ptr));
    return 0;
}
Performing C++ SOURCE FILE Test HAVE_EGL succeeded with the following output:
Change Dir: /home/khb/Desktop/hb_ws/diden_gui_android/build/Android_Qt_6_2_4_Clang_arm64_v8a-Debug/CMakeFiles/CMakeTmp

Run Build Command(s):/usr/bin/ninja cmTC_09914 && [1/2] Building CXX object CMakeFiles/cmTC_09914.dir/src.cxx.o
[2/2] Linking CXX executable cmTC_09914


Source file was:

#include <EGL/egl.h>

int main(int argc, char *argv[]) {
    EGLint x = 0; EGLDisplay dpy = 0; EGLContext ctx = 0;
    eglDestroyContext(dpy, ctx);
}
Performing C++ SOURCE FILE Test HAVE_GLESv2 succeeded with the following output:
Change Dir: /home/khb/Desktop/hb_ws/diden_gui_android/build/Android_Qt_6_2_4_Clang_arm64_v8a-Debug/CMakeFiles/CMakeTmp

Run Build Command(s):/usr/bin/ninja cmTC_dd229 && [1/2] Building CXX object CMakeFiles/cmTC_dd229.dir/src.cxx.o
[2/2] Linking CXX executable cmTC_dd229


Source file was:

#ifdef __APPLE__
#  include <OpenGLES/ES2/gl.h>
#else
#  define GL_GLEXT_PROTOTYPES
#  include <GLES2/gl2.h>
#endif

int main(int argc, char *argv[]) {
    glUniform1f(1, GLfloat(1.0));
    glClear(GL_COLOR_BUFFER_BIT);
}
