Compiling the CXX compiler identification source file "CMakeCXXCompilerId.cpp" failed.
Compiler: /home/khb/Android/Ndk/android-ndk-r27c/toolchains/llvm/prebuilt/linux-x86_64/bin/clang++ 
Build flags: -DQT_QML_DEBUG
Id flags:  

The output was:
1
ld.lld: error: unable to find library -lstdc++
clang++: error: linker command failed with exit code 1 (use -v to see invocation)


Performing C++ SOURCE FILE Test CMAKE_HAVE_LIBC_PTHREAD failed with the following output:
Change Dir: /home/khb/Desktop/hb_ws/diden_gui_android/build/Android_Qt_6_2_4_Clang_arm64_v8a-Debug/CMakeFiles/CMakeTmp

Run Build Command(s):/usr/bin/ninja cmTC_c84d6 && [1/2] Building CXX object CMakeFiles/cmTC_c84d6.dir/src.cxx.o
[31mFAILED: [0mCMakeFiles/cmTC_c84d6.dir/src.cxx.o 
/home/khb/Android/Ndk/android-ndk-r27c/toolchains/llvm/prebuilt/linux-x86_64/bin/clang++ --target=aarch64-none-linux-android23 --sysroot=/home/khb/Android/Ndk/android-ndk-r27c/toolchains/llvm/prebuilt/linux-x86_64/sysroot -DCMAKE_HAVE_LIBC_PTHREAD  -DQT_QML_DEBUG   -DANDROID -fdata-sections -ffunction-sections -funwind-tables -fstack-protector-strong -no-canonical-prefixes -D_FORTIFY_SOURCE=2 -Wformat -Werror=format-security -fexceptions -frtti -stdlib=libc++  -O2 -g -DNDEBUG -fPIE -std=gnu++17 -MD -MT CMakeFiles/cmTC_c84d6.dir/src.cxx.o -MF CMakeFiles/cmTC_c84d6.dir/src.cxx.o.d -o CMakeFiles/cmTC_c84d6.dir/src.cxx.o -c /home/khb/Desktop/hb_ws/diden_gui_android/build/Android_Qt_6_2_4_Clang_arm64_v8a-Debug/CMakeFiles/CMakeTmp/src.cxx
/home/khb/Desktop/hb_ws/diden_gui_android/build/Android_Qt_6_2_4_Clang_arm64_v8a-Debug/CMakeFiles/CMakeTmp/src.cxx:13:3: error: use of undeclared identifier 'pthread_cancel'
   13 |   pthread_cancel(thread);
      |   ^
1 error generated.
ninja: build stopped: subcommand failed.


Source file was:
#include <pthread.h>

static void* test_func(void* data)
{
  return data;
}

int main(void)
{
  pthread_t thread;
  pthread_create(&thread, NULL, test_func, NULL);
  pthread_detach(thread);
  pthread_cancel(thread);
  pthread_join(thread, NULL);
  pthread_atfork(NULL, NULL, NULL);
  pthread_exit(NULL);

  return 0;
}

